15:34:18 **** Build of configuration armv7le-debug for project common ****
make -j4 all 
qcc -lang-c++ -Vgcc_ntoarmv7le -c -Wp,-MMD,build/armv7le-debug/src/i2c/i2c_HAL.d,-MT,build/armv7le-debug/src/i2c/i2c_HAL.o -o build/armv7le-debug/src/i2c/i2c_HAL.o  -Wall -fmessage-length=0 -g -O0 -fno-builtin -fPIC -shared  src/i2c/i2c_HAL.cpp
qcc -lang-c++ -Vgcc_ntoarmv7le -c -Wp,-MMD,build/armv7le-debug/src/lcd/lcdThread.d,-MT,build/armv7le-debug/src/lcd/lcdThread.o -o build/armv7le-debug/src/lcd/lcdThread.o  -Wall -fmessage-length=0 -g -O0 -fno-builtin -fPIC -shared  src/lcd/lcdThread.cpp
src/i2c/i2c_HAL.cpp: In function 'void host_command(ft_uint8_t)':
src/i2c/i2c_HAL.cpp:84:11: warning: variable 'data' set but not used [-Wunused-but-set-variable]
     UINT8 data[3] = {};
           ^
src/i2c/i2c_HAL.cpp: In function 'void wr8(ft_uint32_t, ft_uint8_t)':
src/i2c/i2c_HAL.cpp:95:9: warning: variable 'ret' set but not used [-Wunused-but-set-variable]
     int ret;
         ^
src/i2c/i2c_HAL.cpp: In function 'void wr16(ft_uint32_t, ft_uint16_t)':
src/i2c/i2c_HAL.cpp:108:9: warning: variable 'ret' set but not used [-Wunused-but-set-variable]
     int ret;
         ^
src/i2c/i2c_HAL.cpp: In function 'void wr32(ft_uint32_t, ft_uint32_t)':
src/i2c/i2c_HAL.cpp:122:9: warning: variable 'ret' set but not used [-Wunused-but-set-variable]
     int ret;
         ^
src/i2c/i2c_HAL.cpp: In function 'ft_uint8_t rd8(ft_uint32_t)':
src/i2c/i2c_HAL.cpp:138:9: warning: variable 'ret' set but not used [-Wunused-but-set-variable]
     int ret;
         ^
src/i2c/i2c_HAL.cpp: In function 'ft_uint16_t rd16(ft_uint32_t)':
src/i2c/i2c_HAL.cpp:156:9: warning: variable 'ret' set but not used [-Wunused-but-set-variable]
     int ret;
         ^
src/i2c/i2c_HAL.cpp: In function 'ft_uint32_t rd32(ft_uint32_t)':
src/i2c/i2c_HAL.cpp:172:9: warning: variable 'ret' set but not used [-Wunused-but-set-variable]
     int ret;
         ^
src/lcd/lcdThread.cpp: In function 'int lcdInit(_self*)':
src/lcd/lcdThread.cpp:64:19: warning: unused variable 'LCDi2cAdd' [-Wunused-variable]
  volatile uint8_t LCDi2cAdd = 0x3C; // i2c address
                   ^
src/lcd/lcdThread.cpp:65:1: warning: no return statement in function returning non-void [-Wreturn-type]
 }
 ^
src/lcd/lcdThread.cpp: In function 'int I2cWrite_(int, uint8_t, uint8_t, uint8_t*, uint32_t)':
src/lcd/lcdThread.cpp:102:17: warning: unused variable 'i' [-Wunused-variable]
     int status, i;
                 ^
src/lcd/lcdThread.cpp: In function 'void readIPaddress(char*)':
src/lcd/lcdThread.cpp:147:18: warning: ISO C++ forbids converting a string constant to 'char*' [-Wwrite-strings]
  char *command = "ifconfig dm0";
                  ^
src/lcd/lcdThread.cpp: In function 'int i2cInit(_self*)':
src/lcd/lcdThread.cpp:60:1: warning: control reaches end of non-void function [-Wreturn-type]
 }
 ^
src/lcd/lcdThread.cpp:52:73: warning: 'file' is used uninitialized in this function [-Wuninitialized]
  error = devctl(file,DCMD_I2C_SET_BUS_SPEED,&(speed),sizeof(speed),NULL);  // Set Bus speed
                                                                         ^
qcc -lang-c++ -Vgcc_ntoarmv7le -static -a build/armv7le-debug/libcommon.a   build/armv7le-debug/src/i2c/i2c_HAL.o build/armv7le-debug/src/lcd/lcdThread.o  
C:\qnx700\host\win64\x86_64\usr\bin\arm-unknown-nto-qnx7.0.0eabi-ar: creating build/armv7le-debug/libcommon.a

15:34:19 Build Finished (took 453ms)

