09:44:34 **** Incremental Build of configuration armv7le-debug for project projectTrafficLight ****
make -j8 all 
qcc -Vgcc_ntoarmv7le -c -Wp,-MMD,build/armv7le-debug/src/projectTrafficLight.d,-MT,build/armv7le-debug/src/projectTrafficLight.o -o build/armv7le-debug/src/projectTrafficLight.o  -Wall -fmessage-length=0 -g -O0 -fno-builtin  src/projectTrafficLight.c
qcc -Vgcc_ntoarmv7le -c -Wp,-MMD,build/armv7le-debug/src/i2c/i2c_HAL.d,-MT,build/armv7le-debug/src/i2c/i2c_HAL.o -o build/armv7le-debug/src/i2c/i2c_HAL.o  -Wall -fmessage-length=0 -g -O0 -fno-builtin  src/i2c/i2c_HAL.c
qcc -Vgcc_ntoarmv7le -c -Wp,-MMD,build/armv7le-debug/src/FT800/lcdThread.d,-MT,build/armv7le-debug/src/FT800/lcdThread.o -o build/armv7le-debug/src/FT800/lcdThread.o  -Wall -fmessage-length=0 -g -O0 -fno-builtin  src/FT800/lcdThread.c
src/i2c/i2c_HAL.c: In function 'host_command':
src/i2c/i2c_HAL.c:87:47: warning: passing argument 4 of 'I2C_Write' makes integer from pointer without a cast [-Wint-conversion]
     I2C_Write(&_ft800.i2c, _ft800.addr<<1, 3, &command);
                                               ^
src/i2c/i2c_HAL.c:60:5: note: expected 'ft_uint8_t {aka unsigned char}' but argument is of type 'ft_uint8_t * {aka unsigned char *}'
 int I2C_Write(I2C_HANDLE *p, UINT8 addr, int size, UINT8 command);
     ^
src/i2c/i2c_HAL.c:81:11: warning: variable 'data' set but not used [-Wunused-but-set-variable]
     UINT8 data[3] = {};
           ^
src/i2c/i2c_HAL.c: In function 'wr8':
src/i2c/i2c_HAL.c:100:64: warning: passing argument 4 of 'I2C_Write' makes integer from pointer without a cast [-Wint-conversion]
     ret = I2C_Write(&_ft800.i2c, _ft800.addr<<1, sizeof(data), data);
                                                                ^
src/i2c/i2c_HAL.c:60:5: note: expected 'ft_uint8_t {aka unsigned char}' but argument is of type 'ft_uint8_t * {aka unsigned char *}'
 int I2C_Write(I2C_HANDLE *p, UINT8 addr, int size, UINT8 command);
     ^
src/i2c/i2c_HAL.c:92:9: warning: variable 'ret' set but not used [-Wunused-but-set-variable]
     int ret;
         ^
src/i2c/i2c_HAL.c: In function 'wr16':
src/i2c/i2c_HAL.c:114:53: warning: passing argument 4 of 'I2C_Write' makes integer from pointer without a cast [-Wint-conversion]
     ret = I2C_Write(&_ft800.i2c, _ft800.addr<<1, 5, data);
                                                     ^
src/i2c/i2c_HAL.c:60:5: note: expected 'ft_uint8_t {aka unsigned char}' but argument is of type 'ft_uint8_t * {aka unsigned char *}'
 int I2C_Write(I2C_HANDLE *p, UINT8 addr, int size, UINT8 command);
     ^
src/i2c/i2c_HAL.c:105:9: warning: variable 'ret' set but not used [-Wunused-but-set-variable]
     int ret;
         ^
src/i2c/i2c_HAL.c: In function 'wr32':
src/i2c/i2c_HAL.c:130:53: warning: passing argument 4 of 'I2C_Write' makes integer from pointer without a cast [-Wint-conversion]
     ret = I2C_Write(&_ft800.i2c, _ft800.addr<<1, 7, data);
                                                     ^
src/i2c/i2c_HAL.c:60:5: note: expected 'ft_uint8_t {aka unsigned char}' but argument is of type 'ft_uint8_t * {aka unsigned char *}'
 int I2C_Write(I2C_HANDLE *p, UINT8 addr, int size, UINT8 command);
     ^
src/i2c/i2c_HAL.c:119:9: warning: variable 'ret' set but not used [-Wunused-but-set-variable]
     int ret;
         ^
src/i2c/i2c_HAL.c: In function 'rd8':
src/i2c/i2c_HAL.c:145:32: warning: passing argument 4 of 'I2C_Transaction' makes integer from pointer without a cast [-Wint-conversion]
                             3, data,    //tx
                                ^
src/i2c/i2c_HAL.c:61:5: note: expected 'ft_uint8_t {aka unsigned char}' but argument is of type 'ft_uint8_t * {aka unsigned char *}'
 int I2C_Transaction(I2C_HANDLE *p, UINT8 addr, int size, UINT8 command, int size2, UINT8 retBuf);
     ^
src/i2c/i2c_HAL.c:146:32: warning: passing argument 6 of 'I2C_Transaction' makes integer from pointer without a cast [-Wint-conversion]
                             1, data);   //rx
                                ^
src/i2c/i2c_HAL.c:61:5: note: expected 'ft_uint8_t {aka unsigned char}' but argument is of type 'ft_uint8_t * {aka unsigned char *}'
 int I2C_Transaction(I2C_HANDLE *p, UINT8 addr, int size, UINT8 command, int size2, UINT8 retBuf);
     ^
src/i2c/i2c_HAL.c:135:9: warning: variable 'ret' set but not used [-Wunused-but-set-variable]
     int ret;
         ^
src/i2c/i2c_HAL.c: In function 'rd16':
src/i2c/i2c_HAL.c:161:32: warning: passing argument 4 of 'I2C_Transaction' makes integer from pointer without a cast [-Wint-conversion]
                             3, data,
                                ^
src/i2c/i2c_HAL.c:61:5: note: expected 'ft_uint8_t {aka unsigned char}' but argument is of type 'ft_uint8_t * {aka unsigned char *}'
 int I2C_Transaction(I2C_HANDLE *p, UINT8 addr, int size, UINT8 command, int size2, UINT8 retBuf);
     ^
src/i2c/i2c_HAL.c:162:32: warning: passing argument 6 of 'I2C_Transaction' makes integer from pointer without a cast [-Wint-conversion]
                             2, data);
                                ^
src/i2c/i2c_HAL.c:61:5: note: expected 'ft_uint8_t {aka unsigned char}' but argument is of type 'ft_uint8_t * {aka unsigned char *}'
 int I2C_Transaction(I2C_HANDLE *p, UINT8 addr, int size, UINT8 command, int size2, UINT8 retBuf);
     ^
src/i2c/i2c_HAL.c:153:9: warning: variable 'ret' set but not used [-Wunused-but-set-variable]
     int ret;
         ^
src/i2c/i2c_HAL.c: In function 'rd32':
src/i2c/i2c_HAL.c:177:32: warning: passing argument 4 of 'I2C_Transaction' makes integer from pointer without a cast [-Wint-conversion]
                             3, data,
                                ^
src/i2c/i2c_HAL.c:61:5: note: expected 'ft_uint8_t {aka unsigned char}' but argument is of type 'ft_uint8_t * {aka unsigned char *}'
 int I2C_Transaction(I2C_HANDLE *p, UINT8 addr, int size, UINT8 command, int size2, UINT8 retBuf);
     ^
src/i2c/i2c_HAL.c:178:32: warning: passing argument 6 of 'I2C_Transaction' makes integer from pointer without a cast [-Wint-conversion]
                             4, data);
                                ^
src/i2c/i2c_HAL.c:61:5: note: expected 'ft_uint8_t {aka unsigned char}' but argument is of type 'ft_uint8_t * {aka unsigned char *}'
 int I2C_Transaction(I2C_HANDLE *p, UINT8 addr, int size, UINT8 command, int size2, UINT8 retBuf);
     ^
src/i2c/i2c_HAL.c:169:9: warning: variable 'ret' set but not used [-Wunused-but-set-variable]
     int ret;
         ^
src/i2c/i2c_HAL.c: In function 'wr8s':
src/i2c/i2c_HAL.c:186:18: warning: implicit declaration of function 'strlen' [-Wimplicit-function-declaration]
     int length = strlen(s);
                  ^
src/i2c/i2c_HAL.c:207:71: warning: passing argument 4 of 'I2C_Write' makes integer from pointer without a cast [-Wint-conversion]
     I2C_Write(&_ft800.i2c, _ft800.addr<<1, (length + 3 + allignment), data);
                                                                       ^
src/i2c/i2c_HAL.c:60:5: note: expected 'ft_uint8_t {aka unsigned char}' but argument is of type 'ft_uint8_t * {aka unsigned char *}'
 int I2C_Write(I2C_HANDLE *p, UINT8 addr, int size, UINT8 command);
     ^
src/FT800/lcdThread.c: In function 'i2cInit':
src/FT800/lcdThread.c:55:57: warning: implicit declaration of function 'strerror' [-Wimplicit-function-declaration]
   fprintf(stderr, "->Error setting the bus speed: %d\n",strerror ( error ));
                                                         ^
src/FT800/lcdThread.c: In function 'lcdInit':
src/FT800/lcdThread.c:64:19: warning: unused variable 'LCDi2cAdd' [-Wunused-variable]
  volatile uint8_t LCDi2cAdd = 0x3C; // i2c address
                   ^
src/FT800/lcdThread.c: In function 'I2cWrite_':
src/FT800/lcdThread.c:112:5: warning: implicit declaration of function 'memcpy' [-Wimplicit-function-declaration]
     memcpy(&packet[1], pBuffer, NbData);
     ^
src/FT800/lcdThread.c:102:17: warning: unused variable 'i' [-Wunused-variable]
     int status, i;
                 ^
src/FT800/lcdThread.c: In function 'readIPaddress':
src/FT800/lcdThread.c:160:18: warning: implicit declaration of function 'strstr' [-Wimplicit-function-declaration]
          if (p = strstr(line, "inet "))
                  ^
src/FT800/lcdThread.c:160:16: warning: assignment makes pointer from integer without a cast [-Wint-conversion]
          if (p = strstr(line, "inet "))
                ^
src/FT800/lcdThread.c:160:10: warning: suggest parentheses around assignment used as truth value [-Wparentheses]
          if (p = strstr(line, "inet "))
          ^
src/FT800/lcdThread.c:164:15: warning: implicit declaration of function 'strchr' [-Wimplicit-function-declaration]
           p = strchr(p, ' ');   // find the position of the first space after 'inet'
               ^
src/FT800/lcdThread.c:164:13: warning: assignment makes pointer from integer without a cast [-Wint-conversion]
           p = strchr(p, ' ');   // find the position of the first space after 'inet'
             ^
src/FT800/lcdThread.c: In function 'i2cInit':
src/FT800/lcdThread.c:60:1: warning: control reaches end of non-void function [-Wreturn-type]
 }
 ^
src/FT800/lcdThread.c: In function 'lcdInit':
src/FT800/lcdThread.c:65:1: warning: control reaches end of non-void function [-Wreturn-type]
 }
 ^
src/FT800/lcdThread.c: In function 'i2cInit':
src/FT800/lcdThread.c:52:8: warning: 'file' is used uninitialized in this function [-Wuninitialized]
  error = devctl(file,DCMD_I2C_SET_BUS_SPEED,&(speed),sizeof(speed),NULL);  // Set Bus speed
        ^
qcc -Vgcc_ntoarmv7le -o build/armv7le-debug/projectTrafficLight   build/armv7le-debug/src/projectTrafficLight.o build/armv7le-debug/src/i2c/i2c_HAL.o build/armv7le-debug/src/FT800/lcdThread.o  
